2016-03-12 05:29:15,679 [Thread-161:139810434578176] [blog.views:56] [views:article] [ERROR]- invalid literal for int() with base 10: ''
2016-03-12 06:27:20,145 [Thread-56:140102542677760] [blog.views:78] [views:category] [ERROR]- failure.html
2016-03-12 06:27:28,198 [Thread-60:140102542677760] [blog.views:78] [views:category] [ERROR]- failure.html
2016-03-12 10:45:11,703 [Thread-310:139750873274112] [blog.views:78] [views:category] [ERROR]- failure.html
2016-03-12 10:45:14,991 [Thread-311:139750873274112] [blog.views:78] [views:category] [ERROR]- failure.html
2016-03-12 11:51:03,367 [Thread-20:139938183534336] [blog.views:78] [views:category] [ERROR]- failure.html
2016-03-12 11:55:33,023 [Thread-85:139937785558784] [blog.views:36] [views:archive] [ERROR]- unsupported operand type(s) for +: 'NoneType' and 'str'
2016-03-12 11:58:55,772 [Thread-131:139938175141632] [blog.views:36] [views:archive] [ERROR]- unsupported operand type(s) for +: 'NoneType' and 'str'
2016-03-14 12:19:16,064 [Thread-4:139804512212736] [blog.views:63] [views:article] [ERROR]- failure.html
2016-03-14 12:19:59,519 [Thread-14:139804503820032] [blog.views:63] [views:article] [ERROR]- failure.html
2016-05-22 14:18:24,361 [uWSGIWorker1Core0:140687902566336] [blog.views:69] [views:article] [ERROR]- invalid literal for int() with base 10: '1sdfl'
2016-05-25 06:25:42,367 [uWSGIWorker1Core1:140687660017408] [blog.views:69] [views:article] [ERROR]- failure.html
2016-05-25 08:28:38,674 [uWSGIWorker2Core1:140687660017408] [blog.views:69] [views:article] [ERROR]- failure.html
2016-05-25 11:54:53,695 [uWSGIWorker2Core1:140108949423872] [blog.views:69] [views:article] [ERROR]- failure.html
2016-06-03 13:46:48,773 [uWSGIWorker3Core1:140168746686208] [blog.views:69] [views:article] [ERROR]- failure.html
2016-06-06 19:48:38,051 [uWSGIWorker2Core1:140275217270528] [blog.views:69] [views:article] [ERROR]- failure.html
2016-06-10 15:36:44,506 [uWSGIWorker2Core1:140275217270528] [blog.views:69] [views:article] [ERROR]- failure.html
2016-06-10 19:26:57,117 [uWSGIWorker2Core1:140275217270528] [blog.views:69] [views:article] [ERROR]- failure.html
2016-06-12 07:12:02,895 [uWSGIWorker1Core1:140275217270528] [blog.views:69] [views:article] [ERROR]- failure.html
2016-06-13 05:18:01,485 [uWSGIWorker1Core0:140275459827648] [blog.views:69] [views:article] [ERROR]- failure.html
2016-06-14 23:35:21,976 [uWSGIWorker1Core1:140275217270528] [blog.views:69] [views:article] [ERROR]- failure.html
2016-06-15 04:45:56,789 [uWSGIWorker2Core1:140275217270528] [blog.views:69] [views:article] [ERROR]- failure.html
2016-06-15 22:55:06,162 [uWSGIWorker2Core1:140275217270528] [blog.views:69] [views:article] [ERROR]- invalid literal for int() with base 10: "55'A=0"
2016-06-16 08:52:03,777 [uWSGIWorker1Core0:140275459827648] [blog.views:69] [views:article] [ERROR]- failure.html
2016-06-17 08:32:34,058 [uWSGIWorker1Core1:140275217270528] [blog.views:69] [views:article] [ERROR]- failure.html
2016-06-19 11:31:04,768 [uWSGIWorker2Core0:140374678910912] [blog.views:69] [views:article] [ERROR]- failure.html
2016-06-21 14:55:12,364 [uWSGIWorker2Core0:140374678910912] [blog.views:69] [views:article] [ERROR]- failure.html
2016-06-22 16:10:54,570 [uWSGIWorker2Core0:140374678910912] [blog.views:69] [views:article] [ERROR]- invalid literal for int() with base 10: "55'A=0"
2016-06-23 08:51:43,185 [uWSGIWorker2Core1:140374436361984] [blog.views:69] [views:article] [ERROR]- failure.html
2016-06-23 08:51:53,971 [uWSGIWorker2Core0:140374678910912] [blog.views:69] [views:article] [ERROR]- failure.html
2016-06-23 08:52:13,851 [uWSGIWorker3Core0:140374678910912] [blog.views:69] [views:article] [ERROR]- failure.html
2016-06-23 08:57:34,290 [uWSGIWorker2Core1:140374436361984] [blog.views:69] [views:article] [ERROR]- failure.html
2016-06-23 09:15:59,278 [uWSGIWorker2Core0:140374678910912] [blog.views:69] [views:article] [ERROR]- invalid literal for int() with base 10: "47'A=0"
2016-06-25 17:43:13,403 [uWSGIWorker2Core0:140374678910912] [blog.views:69] [views:article] [ERROR]- failure.html
2016-06-25 17:44:40,553 [uWSGIWorker2Core0:140374678910912] [blog.views:69] [views:article] [ERROR]- failure.html
2016-06-27 20:05:13,689 [uWSGIWorker1Core0:140374678910912] [blog.views:69] [views:article] [ERROR]- failure.html
2016-06-29 07:31:27,926 [uWSGIWorker2Core0:140374678910912] [blog.views:69] [views:article] [ERROR]- invalid literal for int() with base 10: "55'A=0"
2016-06-30 02:45:26,557 [uWSGIWorker2Core0:140374678910912] [blog.views:69] [views:article] [ERROR]- failure.html
2016-06-30 04:56:17,982 [uWSGIWorker3Core0:140374678910912] [blog.views:69] [views:article] [ERROR]- failure.html
2016-06-30 21:32:00,996 [uWSGIWorker2Core0:140374678910912] [blog.views:69] [views:article] [ERROR]- failure.html
2016-07-04 21:09:28,739 [uWSGIWorker3Core1:140374436361984] [blog.views:69] [views:article] [ERROR]- failure.html
2016-07-12 01:46:04,739 [uWSGIWorker3Core1:140374436361984] [blog.views:69] [views:article] [ERROR]- failure.html
2016-07-12 01:46:10,852 [uWSGIWorker2Core0:140374678910912] [blog.views:69] [views:article] [ERROR]- failure.html
2016-07-14 13:27:23,091 [uWSGIWorker2Core0:140374678910912] [blog.views:69] [views:article] [ERROR]- failure.html
2016-07-14 13:27:34,428 [uWSGIWorker1Core0:140374678910912] [blog.views:69] [views:article] [ERROR]- failure.html
2016-07-17 13:10:17,174 [uWSGIWorker2Core0:140374678910912] [blog.views:69] [views:article] [ERROR]- failure.html
2016-07-24 21:53:10,565 [uWSGIWorker2Core1:140374436361984] [blog.views:69] [views:article] [ERROR]- failure.html
2016-07-29 15:36:16,982 [uWSGIWorker1Core1:139965720303360] [blog.views:69] [views:article] [ERROR]- invalid literal for int() with base 10: "55'A=0"
2016-07-30 08:57:07,217 [uWSGIWorker1Core1:139965720303360] [blog.views:69] [views:article] [ERROR]- invalid literal for int() with base 10: "55'A=0"
2016-08-02 13:48:07,274 [uWSGIWorker1Core1:139965720303360] [blog.views:69] [views:article] [ERROR]- invalid literal for int() with base 10: '55\'"'
2016-08-02 13:53:07,252 [uWSGIWorker1Core1:139965720303360] [blog.views:69] [views:article] [ERROR]- invalid literal for int() with base 10: '551111111111111 UNION SELECT CHAR(45,120,49,45,81,45) --  /*'
2016-08-02 13:53:07,576 [uWSGIWorker1Core0:139965962856384] [blog.views:69] [views:article] [ERROR]- invalid literal for int() with base 10: '551111111111111 UNION SELECT CHAR(45,120,49,45,81,45),CHAR(45,120,50,45,81,45) --  /*'
2016-08-02 13:53:08,011 [uWSGIWorker2Core0:139965962856384] [blog.views:69] [views:article] [ERROR]- invalid literal for int() with base 10: '551111111111111 UNION SELECT CHAR(45,120,49,45,81,45),CHAR(45,120,50,45,81,45),CHAR(45,120,51,45,81,45) --  /*'
2016-08-02 13:53:08,340 [uWSGIWorker1Core1:139965720303360] [blog.views:69] [views:article] [ERROR]- invalid literal for int() with base 10: '551111111111111 UNION SELECT CHAR(45,120,49,45,81,45),CHAR(45,120,50,45,81,45),CHAR(45,120,51,45,81,45),CHAR(45,120,52,45,81,45) --  /*'
2016-08-02 13:53:08,664 [uWSGIWorker2Core1:139965720303360] [blog.views:69] [views:article] [ERROR]- invalid literal for int() with base 10: '551111111111111 UNION SELECT CHAR(45,120,49,45,81,45),CHAR(45,120,50,45,81,45),CHAR(45,120,51,45,81,45),CHAR(45,120,52,45,81,45),CHAR(45,120,53,45,81,45) --  /*'
2016-08-02 13:53:08,999 [uWSGIWorker1Core0:139965962856384] [blog.views:69] [views:article] [ERROR]- invalid literal for int() with base 10: '551111111111111 UNION SELECT CHAR(45,120,49,45,81,45),CHAR(45,120,50,45,81,45),CHAR(45,120,51,45,81,45),CHAR(45,120,52,45,81,45),CHAR(45,120,53,45,81,45),CHAR(45,120,54,45,81,45) --  /*'
2016-08-02 13:53:09,388 [uWSGIWorker2Core0:139965962856384] [blog.views:69] [views:article] [ERROR]- invalid literal for int() with base 10: '551111111111111 UNION SELECT CHAR(45,120,49,45,81,45),CHAR(45,120,50,45,81,45),CHAR(45,120,51,45,81,45),CHAR(45,120,52,45,81,45),CHAR(45,120,53,45,81,45),CHAR(45,120,54,45,81,45),CHAR(45,120,55,45,81,'
2016-08-02 13:53:09,710 [uWSGIWorker3Core0:139965962856384] [blog.views:69] [views:article] [ERROR]- invalid literal for int() with base 10: '551111111111111 UNION SELECT CHAR(45,120,49,45,81,45),CHAR(45,120,50,45,81,45),CHAR(45,120,51,45,81,45),CHAR(45,120,52,45,81,45),CHAR(45,120,53,45,81,45),CHAR(45,120,54,45,81,45),CHAR(45,120,55,45,81,'
2016-08-02 13:53:10,032 [uWSGIWorker1Core1:139965720303360] [blog.views:69] [views:article] [ERROR]- invalid literal for int() with base 10: '551111111111111 UNION SELECT CHAR(45,120,49,45,81,45),CHAR(45,120,50,45,81,45),CHAR(45,120,51,45,81,45),CHAR(45,120,52,45,81,45),CHAR(45,120,53,45,81,45),CHAR(45,120,54,45,81,45),CHAR(45,120,55,45,81,'
2016-08-02 13:53:10,353 [uWSGIWorker2Core1:139965720303360] [blog.views:69] [views:article] [ERROR]- invalid literal for int() with base 10: '551111111111111 UNION SELECT CHAR(45,120,49,45,81,45),CHAR(45,120,50,45,81,45),CHAR(45,120,51,45,81,45),CHAR(45,120,52,45,81,45),CHAR(45,120,53,45,81,45),CHAR(45,120,54,45,81,45),CHAR(45,120,55,45,81,'
2016-08-02 13:53:10,678 [uWSGIWorker3Core1:139965720303360] [blog.views:69] [views:article] [ERROR]- invalid literal for int() with base 10: '551111111111111 UNION SELECT CHAR(45,120,49,45,81,45),CHAR(45,120,50,45,81,45),CHAR(45,120,51,45,81,45),CHAR(45,120,52,45,81,45),CHAR(45,120,53,45,81,45),CHAR(45,120,54,45,81,45),CHAR(45,120,55,45,81,'
2016-08-02 13:53:10,998 [uWSGIWorker1Core0:139965962856384] [blog.views:69] [views:article] [ERROR]- invalid literal for int() with base 10: '551111111111111 UNION SELECT CHAR(45,120,49,45,81,45),CHAR(45,120,50,45,81,45),CHAR(45,120,51,45,81,45),CHAR(45,120,52,45,81,45),CHAR(45,120,53,45,81,45),CHAR(45,120,54,45,81,45),CHAR(45,120,55,45,81,'
2016-08-02 13:53:11,324 [uWSGIWorker2Core0:139965962856384] [blog.views:69] [views:article] [ERROR]- invalid literal for int() with base 10: '551111111111111 UNION SELECT CHAR(45,120,49,45,81,45),CHAR(45,120,50,45,81,45),CHAR(45,120,51,45,81,45),CHAR(45,120,52,45,81,45),CHAR(45,120,53,45,81,45),CHAR(45,120,54,45,81,45),CHAR(45,120,55,45,81,'
2016-08-02 13:53:11,644 [uWSGIWorker1Core1:139965720303360] [blog.views:69] [views:article] [ERROR]- invalid literal for int() with base 10: '551111111111111 UNION SELECT CHAR(45,120,49,45,81,45),CHAR(45,120,50,45,81,45),CHAR(45,120,51,45,81,45),CHAR(45,120,52,45,81,45),CHAR(45,120,53,45,81,45),CHAR(45,120,54,45,81,45),CHAR(45,120,55,45,81,'
2016-08-02 13:53:11,966 [uWSGIWorker2Core1:139965720303360] [blog.views:69] [views:article] [ERROR]- invalid literal for int() with base 10: '551111111111111 UNION SELECT CHAR(45,120,49,45,81,45),CHAR(45,120,50,45,81,45),CHAR(45,120,51,45,81,45),CHAR(45,120,52,45,81,45),CHAR(45,120,53,45,81,45),CHAR(45,120,54,45,81,45),CHAR(45,120,55,45,81,'
2016-08-02 13:53:12,291 [uWSGIWorker1Core0:139965962856384] [blog.views:69] [views:article] [ERROR]- invalid literal for int() with base 10: '551111111111111 UNION SELECT CHAR(45,120,49,45,81,45),CHAR(45,120,50,45,81,45),CHAR(45,120,51,45,81,45),CHAR(45,120,52,45,81,45),CHAR(45,120,53,45,81,45),CHAR(45,120,54,45,81,45),CHAR(45,120,55,45,81,'
2016-08-02 13:53:12,613 [uWSGIWorker2Core0:139965962856384] [blog.views:69] [views:article] [ERROR]- invalid literal for int() with base 10: '551111111111111 UNION SELECT CHAR(45,120,49,45,81,45),CHAR(45,120,50,45,81,45),CHAR(45,120,51,45,81,45),CHAR(45,120,52,45,81,45),CHAR(45,120,53,45,81,45),CHAR(45,120,54,45,81,45),CHAR(45,120,55,45,81,'
2016-08-02 13:53:12,947 [uWSGIWorker1Core1:139965720303360] [blog.views:69] [views:article] [ERROR]- invalid literal for int() with base 10: '551111111111111 UNION SELECT CHAR(45,120,49,45,81,45),CHAR(45,120,50,45,81,45),CHAR(45,120,51,45,81,45),CHAR(45,120,52,45,81,45),CHAR(45,120,53,45,81,45),CHAR(45,120,54,45,81,45),CHAR(45,120,55,45,81,'
2016-08-02 13:53:13,272 [uWSGIWorker2Core1:139965720303360] [blog.views:69] [views:article] [ERROR]- invalid literal for int() with base 10: '551111111111111 UNION SELECT CHAR(45,120,49,45,81,45),CHAR(45,120,50,45,81,45),CHAR(45,120,51,45,81,45),CHAR(45,120,52,45,81,45),CHAR(45,120,53,45,81,45),CHAR(45,120,54,45,81,45),CHAR(45,120,55,45,81,'
2016-08-02 13:53:13,602 [uWSGIWorker1Core0:139965962856384] [blog.views:69] [views:article] [ERROR]- invalid literal for int() with base 10: '551111111111111 UNION SELECT CHAR(45,120,49,45,81,45),CHAR(45,120,50,45,81,45),CHAR(45,120,51,45,81,45),CHAR(45,120,52,45,81,45),CHAR(45,120,53,45,81,45),CHAR(45,120,54,45,81,45),CHAR(45,120,55,45,81,'
2016-08-02 13:53:13,930 [uWSGIWorker2Core0:139965962856384] [blog.views:69] [views:article] [ERROR]- invalid literal for int() with base 10: '551111111111111 UNION SELECT CHAR(45,120,49,45,81,45),CHAR(45,120,50,45,81,45),CHAR(45,120,51,45,81,45),CHAR(45,120,52,45,81,45),CHAR(45,120,53,45,81,45),CHAR(45,120,54,45,81,45),CHAR(45,120,55,45,81,'
2016-08-02 13:53:14,264 [uWSGIWorker1Core1:139965720303360] [blog.views:69] [views:article] [ERROR]- invalid literal for int() with base 10: '551111111111111 UNION SELECT CHAR(45,120,49,45,81,45),CHAR(45,120,50,45,81,45),CHAR(45,120,51,45,81,45),CHAR(45,120,52,45,81,45),CHAR(45,120,53,45,81,45),CHAR(45,120,54,45,81,45),CHAR(45,120,55,45,81,'
2016-08-02 13:53:14,590 [uWSGIWorker2Core1:139965720303360] [blog.views:69] [views:article] [ERROR]- invalid literal for int() with base 10: '551111111111111 UNION SELECT CHAR(45,120,49,45,81,45),CHAR(45,120,50,45,81,45),CHAR(45,120,51,45,81,45),CHAR(45,120,52,45,81,45),CHAR(45,120,53,45,81,45),CHAR(45,120,54,45,81,45),CHAR(45,120,55,45,81,'
2016-08-02 13:53:14,912 [uWSGIWorker1Core0:139965962856384] [blog.views:69] [views:article] [ERROR]- invalid literal for int() with base 10: '551111111111111 UNION SELECT CHAR(45,120,49,45,81,45),CHAR(45,120,50,45,81,45),CHAR(45,120,51,45,81,45),CHAR(45,120,52,45,81,45),CHAR(45,120,53,45,81,45),CHAR(45,120,54,45,81,45),CHAR(45,120,55,45,81,'
2016-08-02 13:53:15,232 [uWSGIWorker2Core0:139965962856384] [blog.views:69] [views:article] [ERROR]- invalid literal for int() with base 10: '551111111111111 UNION SELECT CHAR(45,120,49,45,81,45),CHAR(45,120,50,45,81,45),CHAR(45,120,51,45,81,45),CHAR(45,120,52,45,81,45),CHAR(45,120,53,45,81,45),CHAR(45,120,54,45,81,45),CHAR(45,120,55,45,81,'
2016-08-02 13:53:15,560 [uWSGIWorker1Core1:139965720303360] [blog.views:69] [views:article] [ERROR]- invalid literal for int() with base 10: "551111111111111' UNION SELECT CHAR(45,120,49,45,81,45) -- /* order by 'as /*"
2016-08-02 13:53:15,881 [uWSGIWorker2Core1:139965720303360] [blog.views:69] [views:article] [ERROR]- invalid literal for int() with base 10: "551111111111111' UNION SELECT CHAR(45,120,49,45,81,45),CHAR(45,120,50,45,81,45) -- /* order by 'as /*"
2016-08-02 13:53:16,210 [uWSGIWorker1Core0:139965962856384] [blog.views:69] [views:article] [ERROR]- invalid literal for int() with base 10: "551111111111111' UNION SELECT CHAR(45,120,49,45,81,45),CHAR(45,120,50,45,81,45),CHAR(45,120,51,45,81,45) -- /* order by 'as /*"
2016-08-02 13:53:16,534 [uWSGIWorker2Core0:139965962856384] [blog.views:69] [views:article] [ERROR]- invalid literal for int() with base 10: "551111111111111' UNION SELECT CHAR(45,120,49,45,81,45),CHAR(45,120,50,45,81,45),CHAR(45,120,51,45,81,45),CHAR(45,120,52,45,81,45) -- /* order by 'as /*"
2016-08-02 13:53:16,858 [uWSGIWorker1Core1:139965720303360] [blog.views:69] [views:article] [ERROR]- invalid literal for int() with base 10: "551111111111111' UNION SELECT CHAR(45,120,49,45,81,45),CHAR(45,120,50,45,81,45),CHAR(45,120,51,45,81,45),CHAR(45,120,52,45,81,45),CHAR(45,120,53,45,81,45) -- /* order by 'as /*"
2016-08-02 13:53:17,184 [uWSGIWorker2Core1:139965720303360] [blog.views:69] [views:article] [ERROR]- invalid literal for int() with base 10: "551111111111111' UNION SELECT CHAR(45,120,49,45,81,45),CHAR(45,120,50,45,81,45),CHAR(45,120,51,45,81,45),CHAR(45,120,52,45,81,45),CHAR(45,120,53,45,81,45),CHAR(45,120,54,45,81,45) -- /* order by 'as /"
2016-08-02 13:53:17,510 [uWSGIWorker1Core0:139965962856384] [blog.views:69] [views:article] [ERROR]- invalid literal for int() with base 10: "551111111111111' UNION SELECT CHAR(45,120,49,45,81,45),CHAR(45,120,50,45,81,45),CHAR(45,120,51,45,81,45),CHAR(45,120,52,45,81,45),CHAR(45,120,53,45,81,45),CHAR(45,120,54,45,81,45),CHAR(45,120,55,45,81"
2016-08-02 13:53:17,833 [uWSGIWorker2Core0:139965962856384] [blog.views:69] [views:article] [ERROR]- invalid literal for int() with base 10: "551111111111111' UNION SELECT CHAR(45,120,49,45,81,45),CHAR(45,120,50,45,81,45),CHAR(45,120,51,45,81,45),CHAR(45,120,52,45,81,45),CHAR(45,120,53,45,81,45),CHAR(45,120,54,45,81,45),CHAR(45,120,55,45,81"
2016-08-02 13:53:18,163 [uWSGIWorker1Core1:139965720303360] [blog.views:69] [views:article] [ERROR]- invalid literal for int() with base 10: "551111111111111' UNION SELECT CHAR(45,120,49,45,81,45),CHAR(45,120,50,45,81,45),CHAR(45,120,51,45,81,45),CHAR(45,120,52,45,81,45),CHAR(45,120,53,45,81,45),CHAR(45,120,54,45,81,45),CHAR(45,120,55,45,81"
2016-08-02 13:53:18,488 [uWSGIWorker2Core1:139965720303360] [blog.views:69] [views:article] [ERROR]- invalid literal for int() with base 10: "551111111111111' UNION SELECT CHAR(45,120,49,45,81,45),CHAR(45,120,50,45,81,45),CHAR(45,120,51,45,81,45),CHAR(45,120,52,45,81,45),CHAR(45,120,53,45,81,45),CHAR(45,120,54,45,81,45),CHAR(45,120,55,45,81"
2016-08-02 13:53:18,815 [uWSGIWorker1Core0:139965962856384] [blog.views:69] [views:article] [ERROR]- invalid literal for int() with base 10: "551111111111111' UNION SELECT CHAR(45,120,49,45,81,45),CHAR(45,120,50,45,81,45),CHAR(45,120,51,45,81,45),CHAR(45,120,52,45,81,45),CHAR(45,120,53,45,81,45),CHAR(45,120,54,45,81,45),CHAR(45,120,55,45,81"
2016-08-02 13:53:19,136 [uWSGIWorker2Core0:139965962856384] [blog.views:69] [views:article] [ERROR]- invalid literal for int() with base 10: "551111111111111' UNION SELECT CHAR(45,120,49,45,81,45),CHAR(45,120,50,45,81,45),CHAR(45,120,51,45,81,45),CHAR(45,120,52,45,81,45),CHAR(45,120,53,45,81,45),CHAR(45,120,54,45,81,45),CHAR(45,120,55,45,81"
2016-08-02 13:53:19,499 [uWSGIWorker1Core1:139965720303360] [blog.views:69] [views:article] [ERROR]- invalid literal for int() with base 10: "551111111111111' UNION SELECT CHAR(45,120,49,45,81,45),CHAR(45,120,50,45,81,45),CHAR(45,120,51,45,81,45),CHAR(45,120,52,45,81,45),CHAR(45,120,53,45,81,45),CHAR(45,120,54,45,81,45),CHAR(45,120,55,45,81"
2016-08-02 13:53:19,825 [uWSGIWorker2Core1:139965720303360] [blog.views:69] [views:article] [ERROR]- invalid literal for int() with base 10: "551111111111111' UNION SELECT CHAR(45,120,49,45,81,45),CHAR(45,120,50,45,81,45),CHAR(45,120,51,45,81,45),CHAR(45,120,52,45,81,45),CHAR(45,120,53,45,81,45),CHAR(45,120,54,45,81,45),CHAR(45,120,55,45,81"
2016-08-02 13:53:20,147 [uWSGIWorker1Core0:139965962856384] [blog.views:69] [views:article] [ERROR]- invalid literal for int() with base 10: "551111111111111' UNION SELECT CHAR(45,120,49,45,81,45),CHAR(45,120,50,45,81,45),CHAR(45,120,51,45,81,45),CHAR(45,120,52,45,81,45),CHAR(45,120,53,45,81,45),CHAR(45,120,54,45,81,45),CHAR(45,120,55,45,81"
2016-08-02 13:53:20,473 [uWSGIWorker2Core0:139965962856384] [blog.views:69] [views:article] [ERROR]- invalid literal for int() with base 10: "551111111111111' UNION SELECT CHAR(45,120,49,45,81,45),CHAR(45,120,50,45,81,45),CHAR(45,120,51,45,81,45),CHAR(45,120,52,45,81,45),CHAR(45,120,53,45,81,45),CHAR(45,120,54,45,81,45),CHAR(45,120,55,45,81"
2016-08-02 13:53:20,818 [uWSGIWorker1Core1:139965720303360] [blog.views:69] [views:article] [ERROR]- invalid literal for int() with base 10: "551111111111111' UNION SELECT CHAR(45,120,49,45,81,45),CHAR(45,120,50,45,81,45),CHAR(45,120,51,45,81,45),CHAR(45,120,52,45,81,45),CHAR(45,120,53,45,81,45),CHAR(45,120,54,45,81,45),CHAR(45,120,55,45,81"
2016-08-02 13:53:21,197 [uWSGIWorker2Core1:139965720303360] [blog.views:69] [views:article] [ERROR]- invalid literal for int() with base 10: "551111111111111' UNION SELECT CHAR(45,120,49,45,81,45),CHAR(45,120,50,45,81,45),CHAR(45,120,51,45,81,45),CHAR(45,120,52,45,81,45),CHAR(45,120,53,45,81,45),CHAR(45,120,54,45,81,45),CHAR(45,120,55,45,81"
2016-08-02 13:53:21,589 [uWSGIWorker1Core0:139965962856384] [blog.views:69] [views:article] [ERROR]- invalid literal for int() with base 10: "551111111111111' UNION SELECT CHAR(45,120,49,45,81,45),CHAR(45,120,50,45,81,45),CHAR(45,120,51,45,81,45),CHAR(45,120,52,45,81,45),CHAR(45,120,53,45,81,45),CHAR(45,120,54,45,81,45),CHAR(45,120,55,45,81"
2016-08-02 13:53:21,967 [uWSGIWorker2Core0:139965962856384] [blog.views:69] [views:article] [ERROR]- invalid literal for int() with base 10: "551111111111111' UNION SELECT CHAR(45,120,49,45,81,45),CHAR(45,120,50,45,81,45),CHAR(45,120,51,45,81,45),CHAR(45,120,52,45,81,45),CHAR(45,120,53,45,81,45),CHAR(45,120,54,45,81,45),CHAR(45,120,55,45,81"
2016-08-02 13:53:22,290 [uWSGIWorker1Core1:139965720303360] [blog.views:69] [views:article] [ERROR]- invalid literal for int() with base 10: "551111111111111' UNION SELECT CHAR(45,120,49,45,81,45),CHAR(45,120,50,45,81,45),CHAR(45,120,51,45,81,45),CHAR(45,120,52,45,81,45),CHAR(45,120,53,45,81,45),CHAR(45,120,54,45,81,45),CHAR(45,120,55,45,81"
2016-08-02 13:53:22,619 [uWSGIWorker2Core1:139965720303360] [blog.views:69] [views:article] [ERROR]- invalid literal for int() with base 10: "551111111111111' UNION SELECT CHAR(45,120,49,45,81,45),CHAR(45,120,50,45,81,45),CHAR(45,120,51,45,81,45),CHAR(45,120,52,45,81,45),CHAR(45,120,53,45,81,45),CHAR(45,120,54,45,81,45),CHAR(45,120,55,45,81"
2016-08-02 13:53:22,941 [uWSGIWorker1Core0:139965962856384] [blog.views:69] [views:article] [ERROR]- invalid literal for int() with base 10: "551111111111111' UNION SELECT CHAR(45,120,49,45,81,45),CHAR(45,120,50,45,81,45),CHAR(45,120,51,45,81,45),CHAR(45,120,52,45,81,45),CHAR(45,120,53,45,81,45),CHAR(45,120,54,45,81,45),CHAR(45,120,55,45,81"
2016-08-02 13:53:23,272 [uWSGIWorker1Core1:139965720303360] [blog.views:69] [views:article] [ERROR]- invalid literal for int() with base 10: "551111111111111' UNION SELECT CHAR(45,120,49,45,81,45),CHAR(45,120,50,45,81,45),CHAR(45,120,51,45,81,45),CHAR(45,120,52,45,81,45),CHAR(45,120,53,45,81,45),CHAR(45,120,54,45,81,45),CHAR(45,120,55,45,81"
2016-08-02 13:53:23,599 [uWSGIWorker2Core0:139965962856384] [blog.views:69] [views:article] [ERROR]- invalid literal for int() with base 10: "551111111111111' UNION SELECT CHAR(45,120,49,45,81,45),CHAR(45,120,50,45,81,45),CHAR(45,120,51,45,81,45),CHAR(45,120,52,45,81,45),CHAR(45,120,53,45,81,45),CHAR(45,120,54,45,81,45),CHAR(45,120,55,45,81"
2016-08-02 13:53:23,939 [uWSGIWorker1Core0:139965962856384] [blog.views:69] [views:article] [ERROR]- invalid literal for int() with base 10: '551111111111111" UNION SELECT CHAR(45,120,49,45,81,45) -- /* order by "as /*'
2016-08-02 13:53:24,276 [uWSGIWorker2Core1:139965720303360] [blog.views:69] [views:article] [ERROR]- invalid literal for int() with base 10: '551111111111111" UNION SELECT CHAR(45,120,49,45,81,45),CHAR(45,120,50,45,81,45) -- /* order by "as /*'
2016-08-02 13:53:24,599 [uWSGIWorker1Core1:139965720303360] [blog.views:69] [views:article] [ERROR]- invalid literal for int() with base 10: '551111111111111" UNION SELECT CHAR(45,120,49,45,81,45),CHAR(45,120,50,45,81,45),CHAR(45,120,51,45,81,45) -- /* order by "as /*'
2016-08-02 13:53:24,940 [uWSGIWorker1Core0:139965962856384] [blog.views:69] [views:article] [ERROR]- invalid literal for int() with base 10: '551111111111111" UNION SELECT CHAR(45,120,49,45,81,45),CHAR(45,120,50,45,81,45),CHAR(45,120,51,45,81,45),CHAR(45,120,52,45,81,45) -- /* order by "as /*'
2016-08-02 13:53:25,274 [uWSGIWorker2Core0:139965962856384] [blog.views:69] [views:article] [ERROR]- invalid literal for int() with base 10: '551111111111111" UNION SELECT CHAR(45,120,49,45,81,45),CHAR(45,120,50,45,81,45),CHAR(45,120,51,45,81,45),CHAR(45,120,52,45,81,45),CHAR(45,120,53,45,81,45) -- /* order by "as /*'
2016-08-02 13:53:25,597 [uWSGIWorker1Core1:139965720303360] [blog.views:69] [views:article] [ERROR]- invalid literal for int() with base 10: '551111111111111" UNION SELECT CHAR(45,120,49,45,81,45),CHAR(45,120,50,45,81,45),CHAR(45,120,51,45,81,45),CHAR(45,120,52,45,81,45),CHAR(45,120,53,45,81,45),CHAR(45,120,54,45,81,45) -- /* order by "as /'
2016-08-02 13:53:25,922 [uWSGIWorker2Core1:139965720303360] [blog.views:69] [views:article] [ERROR]- invalid literal for int() with base 10: '551111111111111" UNION SELECT CHAR(45,120,49,45,81,45),CHAR(45,120,50,45,81,45),CHAR(45,120,51,45,81,45),CHAR(45,120,52,45,81,45),CHAR(45,120,53,45,81,45),CHAR(45,120,54,45,81,45),CHAR(45,120,55,45,81'
2016-08-02 13:53:26,265 [uWSGIWorker1Core0:139965962856384] [blog.views:69] [views:article] [ERROR]- invalid literal for int() with base 10: '551111111111111" UNION SELECT CHAR(45,120,49,45,81,45),CHAR(45,120,50,45,81,45),CHAR(45,120,51,45,81,45),CHAR(45,120,52,45,81,45),CHAR(45,120,53,45,81,45),CHAR(45,120,54,45,81,45),CHAR(45,120,55,45,81'
2016-08-02 13:53:26,596 [uWSGIWorker2Core0:139965962856384] [blog.views:69] [views:article] [ERROR]- invalid literal for int() with base 10: '551111111111111" UNION SELECT CHAR(45,120,49,45,81,45),CHAR(45,120,50,45,81,45),CHAR(45,120,51,45,81,45),CHAR(45,120,52,45,81,45),CHAR(45,120,53,45,81,45),CHAR(45,120,54,45,81,45),CHAR(45,120,55,45,81'
2016-08-02 13:53:26,925 [uWSGIWorker1Core1:139965720303360] [blog.views:69] [views:article] [ERROR]- invalid literal for int() with base 10: '551111111111111" UNION SELECT CHAR(45,120,49,45,81,45),CHAR(45,120,50,45,81,45),CHAR(45,120,51,45,81,45),CHAR(45,120,52,45,81,45),CHAR(45,120,53,45,81,45),CHAR(45,120,54,45,81,45),CHAR(45,120,55,45,81'
2016-08-02 13:53:27,247 [uWSGIWorker2Core1:139965720303360] [blog.views:69] [views:article] [ERROR]- invalid literal for int() with base 10: '551111111111111" UNION SELECT CHAR(45,120,49,45,81,45),CHAR(45,120,50,45,81,45),CHAR(45,120,51,45,81,45),CHAR(45,120,52,45,81,45),CHAR(45,120,53,45,81,45),CHAR(45,120,54,45,81,45),CHAR(45,120,55,45,81'
2016-08-02 13:53:27,573 [uWSGIWorker1Core0:139965962856384] [blog.views:69] [views:article] [ERROR]- invalid literal for int() with base 10: '551111111111111" UNION SELECT CHAR(45,120,49,45,81,45),CHAR(45,120,50,45,81,45),CHAR(45,120,51,45,81,45),CHAR(45,120,52,45,81,45),CHAR(45,120,53,45,81,45),CHAR(45,120,54,45,81,45),CHAR(45,120,55,45,81'
2016-08-02 13:53:27,940 [uWSGIWorker2Core0:139965962856384] [blog.views:69] [views:article] [ERROR]- invalid literal for int() with base 10: '551111111111111" UNION SELECT CHAR(45,120,49,45,81,45),CHAR(45,120,50,45,81,45),CHAR(45,120,51,45,81,45),CHAR(45,120,52,45,81,45),CHAR(45,120,53,45,81,45),CHAR(45,120,54,45,81,45),CHAR(45,120,55,45,81'
2016-08-02 13:53:28,278 [uWSGIWorker1Core1:139965720303360] [blog.views:69] [views:article] [ERROR]- invalid literal for int() with base 10: '551111111111111" UNION SELECT CHAR(45,120,49,45,81,45),CHAR(45,120,50,45,81,45),CHAR(45,120,51,45,81,45),CHAR(45,120,52,45,81,45),CHAR(45,120,53,45,81,45),CHAR(45,120,54,45,81,45),CHAR(45,120,55,45,81'
2016-08-02 13:53:28,606 [uWSGIWorker2Core1:139965720303360] [blog.views:69] [views:article] [ERROR]- invalid literal for int() with base 10: '551111111111111" UNION SELECT CHAR(45,120,49,45,81,45),CHAR(45,120,50,45,81,45),CHAR(45,120,51,45,81,45),CHAR(45,120,52,45,81,45),CHAR(45,120,53,45,81,45),CHAR(45,120,54,45,81,45),CHAR(45,120,55,45,81'
2016-08-02 13:53:28,942 [uWSGIWorker1Core0:139965962856384] [blog.views:69] [views:article] [ERROR]- invalid literal for int() with base 10: '551111111111111" UNION SELECT CHAR(45,120,49,45,81,45),CHAR(45,120,50,45,81,45),CHAR(45,120,51,45,81,45),CHAR(45,120,52,45,81,45),CHAR(45,120,53,45,81,45),CHAR(45,120,54,45,81,45),CHAR(45,120,55,45,81'
2016-08-02 13:53:29,270 [uWSGIWorker3Core0:139965962856384] [blog.views:69] [views:article] [ERROR]- invalid literal for int() with base 10: '551111111111111" UNION SELECT CHAR(45,120,49,45,81,45),CHAR(45,120,50,45,81,45),CHAR(45,120,51,45,81,45),CHAR(45,120,52,45,81,45),CHAR(45,120,53,45,81,45),CHAR(45,120,54,45,81,45),CHAR(45,120,55,45,81'
2016-08-02 13:53:29,599 [uWSGIWorker3Core1:139965720303360] [blog.views:69] [views:article] [ERROR]- invalid literal for int() with base 10: '551111111111111" UNION SELECT CHAR(45,120,49,45,81,45),CHAR(45,120,50,45,81,45),CHAR(45,120,51,45,81,45),CHAR(45,120,52,45,81,45),CHAR(45,120,53,45,81,45),CHAR(45,120,54,45,81,45),CHAR(45,120,55,45,81'
2016-08-02 13:53:29,950 [uWSGIWorker1Core1:139965720303360] [blog.views:69] [views:article] [ERROR]- invalid literal for int() with base 10: '551111111111111" UNION SELECT CHAR(45,120,49,45,81,45),CHAR(45,120,50,45,81,45),CHAR(45,120,51,45,81,45),CHAR(45,120,52,45,81,45),CHAR(45,120,53,45,81,45),CHAR(45,120,54,45,81,45),CHAR(45,120,55,45,81'
2016-08-02 13:53:30,281 [uWSGIWorker2Core0:139965962856384] [blog.views:69] [views:article] [ERROR]- invalid literal for int() with base 10: '551111111111111" UNION SELECT CHAR(45,120,49,45,81,45),CHAR(45,120,50,45,81,45),CHAR(45,120,51,45,81,45),CHAR(45,120,52,45,81,45),CHAR(45,120,53,45,81,45),CHAR(45,120,54,45,81,45),CHAR(45,120,55,45,81'
2016-08-02 13:53:30,615 [uWSGIWorker1Core0:139965962856384] [blog.views:69] [views:article] [ERROR]- invalid literal for int() with base 10: '551111111111111" UNION SELECT CHAR(45,120,49,45,81,45),CHAR(45,120,50,45,81,45),CHAR(45,120,51,45,81,45),CHAR(45,120,52,45,81,45),CHAR(45,120,53,45,81,45),CHAR(45,120,54,45,81,45),CHAR(45,120,55,45,81'
2016-08-02 13:53:30,951 [uWSGIWorker2Core1:139965720303360] [blog.views:69] [views:article] [ERROR]- invalid literal for int() with base 10: '551111111111111" UNION SELECT CHAR(45,120,49,45,81,45),CHAR(45,120,50,45,81,45),CHAR(45,120,51,45,81,45),CHAR(45,120,52,45,81,45),CHAR(45,120,53,45,81,45),CHAR(45,120,54,45,81,45),CHAR(45,120,55,45,81'
2016-08-02 13:53:31,283 [uWSGIWorker1Core1:139965720303360] [blog.views:69] [views:article] [ERROR]- invalid literal for int() with base 10: '551111111111111" UNION SELECT CHAR(45,120,49,45,81,45),CHAR(45,120,50,45,81,45),CHAR(45,120,51,45,81,45),CHAR(45,120,52,45,81,45),CHAR(45,120,53,45,81,45),CHAR(45,120,54,45,81,45),CHAR(45,120,55,45,81'
2016-08-02 13:53:31,621 [uWSGIWorker1Core0:139965962856384] [blog.views:69] [views:article] [ERROR]- invalid literal for int() with base 10: '551111111111111" UNION SELECT CHAR(45,120,49,45,81,45),CHAR(45,120,50,45,81,45),CHAR(45,120,51,45,81,45),CHAR(45,120,52,45,81,45),CHAR(45,120,53,45,81,45),CHAR(45,120,54,45,81,45),CHAR(45,120,55,45,81'
2016-08-02 13:53:31,947 [uWSGIWorker2Core0:139965962856384] [blog.views:69] [views:article] [ERROR]- invalid literal for int() with base 10: '551111111111111" UNION SELECT CHAR(45,120,49,45,81,45),CHAR(45,120,50,45,81,45),CHAR(45,120,51,45,81,45),CHAR(45,120,52,45,81,45),CHAR(45,120,53,45,81,45),CHAR(45,120,54,45,81,45),CHAR(45,120,55,45,81'
2016-08-02 13:53:32,676 [uWSGIWorker2Core1:139965720303360] [blog.views:69] [views:article] [ERROR]- invalid literal for int() with base 10: '55 AnD SLeeP(3)'
2016-08-02 13:53:33,040 [uWSGIWorker1Core0:139965962856384] [blog.views:69] [views:article] [ERROR]- invalid literal for int() with base 10: '55&&SlEEp(3)'
2016-08-02 13:53:33,379 [uWSGIWorker1Core1:139965720303360] [blog.views:69] [views:article] [ERROR]- invalid literal for int() with base 10: "55' AnD sLeep(3) ANd '1"
2016-08-02 13:53:33,735 [uWSGIWorker2Core0:139965962856384] [blog.views:69] [views:article] [ERROR]- invalid literal for int() with base 10: "55'&&sLEEp(3)&&'1"
2016-08-02 13:53:34,078 [uWSGIWorker1Core0:139965962856384] [blog.views:69] [views:article] [ERROR]- 'decimal' codec can't encode character u'\x00' in position 2: invalid decimal Unicode string
2016-08-02 13:53:34,401 [uWSGIWorker2Core1:139965720303360] [blog.views:69] [views:article] [ERROR]- invalid literal for int() with base 10: '55 AnD BeNChMaRK(2999999,MD5(NOW()))'
2016-08-02 13:53:34,729 [uWSGIWorker1Core1:139965720303360] [blog.views:69] [views:article] [ERROR]- invalid literal for int() with base 10: '55&&BeNChMaRK(2999999,MD5(NOW()))'
2016-08-02 13:53:35,080 [uWSGIWorker1Core0:139965962856384] [blog.views:69] [views:article] [ERROR]- invalid literal for int() with base 10: "55' aND BeNChMaRK(2999999,Md5(NoW())) AnD '1"
2016-08-02 13:53:35,404 [uWSGIWorker2Core0:139965962856384] [blog.views:69] [views:article] [ERROR]- invalid literal for int() with base 10: "55'&&BeNChMaRK(2999999,mD5(NOW()))&&'1"
2016-08-02 13:53:35,735 [uWSGIWorker1Core1:139965720303360] [blog.views:69] [views:article] [ERROR]- invalid literal for int() with base 10: '55 or (1,2)=(select*from(select name_const(CHAR(111,108,111,108,111,115,104,101,114),1),name_const(CHAR(111,108,111,108,111,115,104,101,114),1))a) -- and 1=1'
2016-08-02 13:53:36,067 [uWSGIWorker2Core1:139965720303360] [blog.views:69] [views:article] [ERROR]- invalid literal for int() with base 10: "55' or (1,2)=(select*from(select name_const(CHAR(111,108,111,108,111,115,104,101,114),1),name_const(CHAR(111,108,111,108,111,115,104,101,114),1))a) -- 'x'='x"
2016-08-02 13:53:36,406 [uWSGIWorker1Core0:139965962856384] [blog.views:69] [views:article] [ERROR]- invalid literal for int() with base 10: '55" or (1,2)=(select*from(select name_const(CHAR(111,108,111,108,111,115,104,101,114),1),name_const(CHAR(111,108,111,108,111,115,104,101,114),1))a) -- "x"="x'
2016-08-02 13:53:36,745 [uWSGIWorker2Core0:139965962856384] [blog.views:69] [views:article] [ERROR]- invalid literal for int() with base 10: '55999999.1 union select unhex(hex(version())) -- and 1=1'
2016-08-02 13:53:37,073 [uWSGIWorker1Core1:139965720303360] [blog.views:69] [views:article] [ERROR]- invalid literal for int() with base 10: "5599999' union select unhex(hex(version())) -- 'x'='x"
2016-08-02 13:53:37,408 [uWSGIWorker2Core1:139965720303360] [blog.views:69] [views:article] [ERROR]- invalid literal for int() with base 10: '5599999" union select unhex(hex(version())) -- "x"="x'
2016-08-05 09:58:30,154 [uWSGIWorker2Core1:140019582977792] [blog.views:69] [views:article] [ERROR]- failure.html
2016-08-05 09:59:17,212 [uWSGIWorker3Core1:140019582977792] [blog.views:69] [views:article] [ERROR]- failure.html
2016-08-05 09:59:23,570 [uWSGIWorker3Core0:140019825522624] [blog.views:69] [views:article] [ERROR]- failure.html
2016-08-06 06:55:49,959 [uWSGIWorker3Core1:140019582977792] [blog.views:69] [views:article] [ERROR]- invalid literal for int() with base 10: "55'A=0"
2016-08-06 19:27:18,102 [uWSGIWorker3Core0:140019825522624] [blog.views:69] [views:article] [ERROR]- invalid literal for int() with base 10: "'55"
2016-08-12 10:09:11,390 [uWSGIWorker3Core1:140019582977792] [blog.views:69] [views:article] [ERROR]- failure.html
2016-08-15 23:29:41,471 [uWSGIWorker3Core0:140019825522624] [blog.views:69] [views:article] [ERROR]- invalid literal for int() with base 10: '55\'"'
2016-08-22 12:19:18,752 [uWSGIWorker3Core1:140019582977792] [blog.views:69] [views:article] [ERROR]- invalid literal for int() with base 10: "55'A=0"
2016-08-23 10:53:28,643 [uWSGIWorker3Core1:140019582977792] [blog.views:69] [views:article] [ERROR]- failure.html
2016-08-26 04:51:15,354 [uWSGIWorker3Core0:140019825522624] [blog.views:69] [views:article] [ERROR]- invalid literal for int() with base 10: "55'A=0"
2016-08-29 15:34:14,895 [uWSGIWorker3Core0:140019825522624] [blog.views:69] [views:article] [ERROR]- invalid literal for int() with base 10: '2\'"'
2016-08-29 15:37:06,642 [uWSGIWorker3Core0:140019825522624] [blog.views:69] [views:article] [ERROR]- invalid literal for int() with base 10: '21111111111111 UNION SELECT CHAR(45,120,49,45,81,45) --  /*'
2016-08-29 15:37:07,051 [uWSGIWorker3Core1:140019582977792] [blog.views:69] [views:article] [ERROR]- invalid literal for int() with base 10: '21111111111111 UNION SELECT CHAR(45,120,49,45,81,45),CHAR(45,120,50,45,81,45) --  /*'
2016-08-29 15:37:07,464 [uWSGIWorker1Core0:140019825522624] [blog.views:69] [views:article] [ERROR]- invalid literal for int() with base 10: '21111111111111 UNION SELECT CHAR(45,120,49,45,81,45),CHAR(45,120,50,45,81,45),CHAR(45,120,51,45,81,45) --  /*'
2016-08-29 15:37:07,880 [uWSGIWorker1Core1:140019582977792] [blog.views:69] [views:article] [ERROR]- invalid literal for int() with base 10: '21111111111111 UNION SELECT CHAR(45,120,49,45,81,45),CHAR(45,120,50,45,81,45),CHAR(45,120,51,45,81,45),CHAR(45,120,52,45,81,45) --  /*'
2016-08-29 15:37:08,286 [uWSGIWorker3Core0:140019825522624] [blog.views:69] [views:article] [ERROR]- invalid literal for int() with base 10: '21111111111111 UNION SELECT CHAR(45,120,49,45,81,45),CHAR(45,120,50,45,81,45),CHAR(45,120,51,45,81,45),CHAR(45,120,52,45,81,45),CHAR(45,120,53,45,81,45) --  /*'
2016-08-29 15:37:08,692 [uWSGIWorker1Core0:140019825522624] [blog.views:69] [views:article] [ERROR]- invalid literal for int() with base 10: '21111111111111 UNION SELECT CHAR(45,120,49,45,81,45),CHAR(45,120,50,45,81,45),CHAR(45,120,51,45,81,45),CHAR(45,120,52,45,81,45),CHAR(45,120,53,45,81,45),CHAR(45,120,54,45,81,45) --  /*'
2016-08-29 15:37:09,099 [uWSGIWorker3Core1:140019582977792] [blog.views:69] [views:article] [ERROR]- invalid literal for int() with base 10: '21111111111111 UNION SELECT CHAR(45,120,49,45,81,45),CHAR(45,120,50,45,81,45),CHAR(45,120,51,45,81,45),CHAR(45,120,52,45,81,45),CHAR(45,120,53,45,81,45),CHAR(45,120,54,45,81,45),CHAR(45,120,55,45,81,4'
2016-08-29 15:37:09,509 [uWSGIWorker1Core1:140019582977792] [blog.views:69] [views:article] [ERROR]- invalid literal for int() with base 10: '21111111111111 UNION SELECT CHAR(45,120,49,45,81,45),CHAR(45,120,50,45,81,45),CHAR(45,120,51,45,81,45),CHAR(45,120,52,45,81,45),CHAR(45,120,53,45,81,45),CHAR(45,120,54,45,81,45),CHAR(45,120,55,45,81,4'
2016-08-29 15:37:09,914 [uWSGIWorker3Core0:140019825522624] [blog.views:69] [views:article] [ERROR]- invalid literal for int() with base 10: '21111111111111 UNION SELECT CHAR(45,120,49,45,81,45),CHAR(45,120,50,45,81,45),CHAR(45,120,51,45,81,45),CHAR(45,120,52,45,81,45),CHAR(45,120,53,45,81,45),CHAR(45,120,54,45,81,45),CHAR(45,120,55,45,81,4'
2016-08-29 15:37:10,320 [uWSGIWorker1Core0:140019825522624] [blog.views:69] [views:article] [ERROR]- invalid literal for int() with base 10: '21111111111111 UNION SELECT CHAR(45,120,49,45,81,45),CHAR(45,120,50,45,81,45),CHAR(45,120,51,45,81,45),CHAR(45,120,52,45,81,45),CHAR(45,120,53,45,81,45),CHAR(45,120,54,45,81,45),CHAR(45,120,55,45,81,4'
2016-08-29 15:37:10,731 [uWSGIWorker3Core1:140019582977792] [blog.views:69] [views:article] [ERROR]- invalid literal for int() with base 10: '21111111111111 UNION SELECT CHAR(45,120,49,45,81,45),CHAR(45,120,50,45,81,45),CHAR(45,120,51,45,81,45),CHAR(45,120,52,45,81,45),CHAR(45,120,53,45,81,45),CHAR(45,120,54,45,81,45),CHAR(45,120,55,45,81,4'
2016-08-29 15:37:11,138 [uWSGIWorker1Core1:140019582977792] [blog.views:69] [views:article] [ERROR]- invalid literal for int() with base 10: '21111111111111 UNION SELECT CHAR(45,120,49,45,81,45),CHAR(45,120,50,45,81,45),CHAR(45,120,51,45,81,45),CHAR(45,120,52,45,81,45),CHAR(45,120,53,45,81,45),CHAR(45,120,54,45,81,45),CHAR(45,120,55,45,81,4'
2016-08-29 15:37:11,554 [uWSGIWorker3Core0:140019825522624] [blog.views:69] [views:article] [ERROR]- invalid literal for int() with base 10: '21111111111111 UNION SELECT CHAR(45,120,49,45,81,45),CHAR(45,120,50,45,81,45),CHAR(45,120,51,45,81,45),CHAR(45,120,52,45,81,45),CHAR(45,120,53,45,81,45),CHAR(45,120,54,45,81,45),CHAR(45,120,55,45,81,4'
2016-08-29 15:37:11,959 [uWSGIWorker3Core1:140019582977792] [blog.views:69] [views:article] [ERROR]- invalid literal for int() with base 10: '21111111111111 UNION SELECT CHAR(45,120,49,45,81,45),CHAR(45,120,50,45,81,45),CHAR(45,120,51,45,81,45),CHAR(45,120,52,45,81,45),CHAR(45,120,53,45,81,45),CHAR(45,120,54,45,81,45),CHAR(45,120,55,45,81,4'
2016-08-29 15:37:12,364 [uWSGIWorker1Core0:140019825522624] [blog.views:69] [views:article] [ERROR]- invalid literal for int() with base 10: '21111111111111 UNION SELECT CHAR(45,120,49,45,81,45),CHAR(45,120,50,45,81,45),CHAR(45,120,51,45,81,45),CHAR(45,120,52,45,81,45),CHAR(45,120,53,45,81,45),CHAR(45,120,54,45,81,45),CHAR(45,120,55,45,81,4'
2016-08-29 15:37:12,845 [uWSGIWorker3Core0:140019825522624] [blog.views:69] [views:article] [ERROR]- invalid literal for int() with base 10: '21111111111111 UNION SELECT CHAR(45,120,49,45,81,45),CHAR(45,120,50,45,81,45),CHAR(45,120,51,45,81,45),CHAR(45,120,52,45,81,45),CHAR(45,120,53,45,81,45),CHAR(45,120,54,45,81,45),CHAR(45,120,55,45,81,4'
2016-08-29 15:37:13,559 [uWSGIWorker2Core0:140019825522624] [blog.views:69] [views:article] [ERROR]- invalid literal for int() with base 10: '21111111111111 UNION SELECT CHAR(45,120,49,45,81,45),CHAR(45,120,50,45,81,45),CHAR(45,120,51,45,81,45),CHAR(45,120,52,45,81,45),CHAR(45,120,53,45,81,45),CHAR(45,120,54,45,81,45),CHAR(45,120,55,45,81,4'
2016-08-29 15:37:14,149 [uWSGIWorker3Core1:140019582977792] [blog.views:69] [views:article] [ERROR]- invalid literal for int() with base 10: '21111111111111 UNION SELECT CHAR(45,120,49,45,81,45),CHAR(45,120,50,45,81,45),CHAR(45,120,51,45,81,45),CHAR(45,120,52,45,81,45),CHAR(45,120,53,45,81,45),CHAR(45,120,54,45,81,45),CHAR(45,120,55,45,81,4'
2016-08-29 15:37:14,564 [uWSGIWorker2Core1:140019582977792] [blog.views:69] [views:article] [ERROR]- invalid literal for int() with base 10: '21111111111111 UNION SELECT CHAR(45,120,49,45,81,45),CHAR(45,120,50,45,81,45),CHAR(45,120,51,45,81,45),CHAR(45,120,52,45,81,45),CHAR(45,120,53,45,81,45),CHAR(45,120,54,45,81,45),CHAR(45,120,55,45,81,4'
2016-08-29 15:37:14,980 [uWSGIWorker1Core1:140019582977792] [blog.views:69] [views:article] [ERROR]- invalid literal for int() with base 10: '21111111111111 UNION SELECT CHAR(45,120,49,45,81,45),CHAR(45,120,50,45,81,45),CHAR(45,120,51,45,81,45),CHAR(45,120,52,45,81,45),CHAR(45,120,53,45,81,45),CHAR(45,120,54,45,81,45),CHAR(45,120,55,45,81,4'
2016-08-29 15:37:15,395 [uWSGIWorker3Core0:140019825522624] [blog.views:69] [views:article] [ERROR]- invalid literal for int() with base 10: '21111111111111 UNION SELECT CHAR(45,120,49,45,81,45),CHAR(45,120,50,45,81,45),CHAR(45,120,51,45,81,45),CHAR(45,120,52,45,81,45),CHAR(45,120,53,45,81,45),CHAR(45,120,54,45,81,45),CHAR(45,120,55,45,81,4'
2016-08-29 15:37:15,804 [uWSGIWorker3Core1:140019582977792] [blog.views:69] [views:article] [ERROR]- invalid literal for int() with base 10: '21111111111111 UNION SELECT CHAR(45,120,49,45,81,45),CHAR(45,120,50,45,81,45),CHAR(45,120,51,45,81,45),CHAR(45,120,52,45,81,45),CHAR(45,120,53,45,81,45),CHAR(45,120,54,45,81,45),CHAR(45,120,55,45,81,4'
2016-08-29 15:37:16,209 [uWSGIWorker1Core0:140019825522624] [blog.views:69] [views:article] [ERROR]- invalid literal for int() with base 10: '21111111111111 UNION SELECT CHAR(45,120,49,45,81,45),CHAR(45,120,50,45,81,45),CHAR(45,120,51,45,81,45),CHAR(45,120,52,45,81,45),CHAR(45,120,53,45,81,45),CHAR(45,120,54,45,81,45),CHAR(45,120,55,45,81,4'
2016-08-29 15:37:16,614 [uWSGIWorker1Core1:140019582977792] [blog.views:69] [views:article] [ERROR]- invalid literal for int() with base 10: '21111111111111 UNION SELECT CHAR(45,120,49,45,81,45),CHAR(45,120,50,45,81,45),CHAR(45,120,51,45,81,45),CHAR(45,120,52,45,81,45),CHAR(45,120,53,45,81,45),CHAR(45,120,54,45,81,45),CHAR(45,120,55,45,81,4'
2016-08-29 15:37:17,021 [uWSGIWorker3Core0:140019825522624] [blog.views:69] [views:article] [ERROR]- invalid literal for int() with base 10: '21111111111111 UNION SELECT CHAR(45,120,49,45,81,45),CHAR(45,120,50,45,81,45),CHAR(45,120,51,45,81,45),CHAR(45,120,52,45,81,45),CHAR(45,120,53,45,81,45),CHAR(45,120,54,45,81,45),CHAR(45,120,55,45,81,4'
2016-08-29 15:37:17,432 [uWSGIWorker1Core0:140019825522624] [blog.views:69] [views:article] [ERROR]- invalid literal for int() with base 10: "21111111111111' UNION SELECT CHAR(45,120,49,45,81,45) -- /* order by 'as /*"
2016-08-29 15:37:17,838 [uWSGIWorker3Core1:140019582977792] [blog.views:69] [views:article] [ERROR]- invalid literal for int() with base 10: "21111111111111' UNION SELECT CHAR(45,120,49,45,81,45),CHAR(45,120,50,45,81,45) -- /* order by 'as /*"
2016-08-29 15:37:18,244 [uWSGIWorker1Core1:140019582977792] [blog.views:69] [views:article] [ERROR]- invalid literal for int() with base 10: "21111111111111' UNION SELECT CHAR(45,120,49,45,81,45),CHAR(45,120,50,45,81,45),CHAR(45,120,51,45,81,45) -- /* order by 'as /*"
2016-08-29 15:37:18,653 [uWSGIWorker3Core0:140019825522624] [blog.views:69] [views:article] [ERROR]- invalid literal for int() with base 10: "21111111111111' UNION SELECT CHAR(45,120,49,45,81,45),CHAR(45,120,50,45,81,45),CHAR(45,120,51,45,81,45),CHAR(45,120,52,45,81,45) -- /* order by 'as /*"
2016-08-29 15:37:19,057 [uWSGIWorker1Core0:140019825522624] [blog.views:69] [views:article] [ERROR]- invalid literal for int() with base 10: "21111111111111' UNION SELECT CHAR(45,120,49,45,81,45),CHAR(45,120,50,45,81,45),CHAR(45,120,51,45,81,45),CHAR(45,120,52,45,81,45),CHAR(45,120,53,45,81,45) -- /* order by 'as /*"
2016-08-29 15:37:19,464 [uWSGIWorker3Core1:140019582977792] [blog.views:69] [views:article] [ERROR]- invalid literal for int() with base 10: "21111111111111' UNION SELECT CHAR(45,120,49,45,81,45),CHAR(45,120,50,45,81,45),CHAR(45,120,51,45,81,45),CHAR(45,120,52,45,81,45),CHAR(45,120,53,45,81,45),CHAR(45,120,54,45,81,45) -- /* order by 'as /*"
2016-08-29 15:37:19,870 [uWSGIWorker1Core1:140019582977792] [blog.views:69] [views:article] [ERROR]- invalid literal for int() with base 10: "21111111111111' UNION SELECT CHAR(45,120,49,45,81,45),CHAR(45,120,50,45,81,45),CHAR(45,120,51,45,81,45),CHAR(45,120,52,45,81,45),CHAR(45,120,53,45,81,45),CHAR(45,120,54,45,81,45),CHAR(45,120,55,45,81,"
2016-08-29 15:37:20,278 [uWSGIWorker3Core0:140019825522624] [blog.views:69] [views:article] [ERROR]- invalid literal for int() with base 10: "21111111111111' UNION SELECT CHAR(45,120,49,45,81,45),CHAR(45,120,50,45,81,45),CHAR(45,120,51,45,81,45),CHAR(45,120,52,45,81,45),CHAR(45,120,53,45,81,45),CHAR(45,120,54,45,81,45),CHAR(45,120,55,45,81,"
2016-08-29 15:37:20,685 [uWSGIWorker1Core0:140019825522624] [blog.views:69] [views:article] [ERROR]- invalid literal for int() with base 10: "21111111111111' UNION SELECT CHAR(45,120,49,45,81,45),CHAR(45,120,50,45,81,45),CHAR(45,120,51,45,81,45),CHAR(45,120,52,45,81,45),CHAR(45,120,53,45,81,45),CHAR(45,120,54,45,81,45),CHAR(45,120,55,45,81,"
2016-08-29 15:37:21,092 [uWSGIWorker3Core1:140019582977792] [blog.views:69] [views:article] [ERROR]- invalid literal for int() with base 10: "21111111111111' UNION SELECT CHAR(45,120,49,45,81,45),CHAR(45,120,50,45,81,45),CHAR(45,120,51,45,81,45),CHAR(45,120,52,45,81,45),CHAR(45,120,53,45,81,45),CHAR(45,120,54,45,81,45),CHAR(45,120,55,45,81,"
2016-08-29 15:37:21,500 [uWSGIWorker1Core1:140019582977792] [blog.views:69] [views:article] [ERROR]- invalid literal for int() with base 10: "21111111111111' UNION SELECT CHAR(45,120,49,45,81,45),CHAR(45,120,50,45,81,45),CHAR(45,120,51,45,81,45),CHAR(45,120,52,45,81,45),CHAR(45,120,53,45,81,45),CHAR(45,120,54,45,81,45),CHAR(45,120,55,45,81,"
2016-08-29 15:37:21,909 [uWSGIWorker3Core0:140019825522624] [blog.views:69] [views:article] [ERROR]- invalid literal for int() with base 10: "21111111111111' UNION SELECT CHAR(45,120,49,45,81,45),CHAR(45,120,50,45,81,45),CHAR(45,120,51,45,81,45),CHAR(45,120,52,45,81,45),CHAR(45,120,53,45,81,45),CHAR(45,120,54,45,81,45),CHAR(45,120,55,45,81,"
2016-08-29 15:37:22,313 [uWSGIWorker1Core0:140019825522624] [blog.views:69] [views:article] [ERROR]- invalid literal for int() with base 10: "21111111111111' UNION SELECT CHAR(45,120,49,45,81,45),CHAR(45,120,50,45,81,45),CHAR(45,120,51,45,81,45),CHAR(45,120,52,45,81,45),CHAR(45,120,53,45,81,45),CHAR(45,120,54,45,81,45),CHAR(45,120,55,45,81,"
2016-08-29 15:37:22,719 [uWSGIWorker3Core1:140019582977792] [blog.views:69] [views:article] [ERROR]- invalid literal for int() with base 10: "21111111111111' UNION SELECT CHAR(45,120,49,45,81,45),CHAR(45,120,50,45,81,45),CHAR(45,120,51,45,81,45),CHAR(45,120,52,45,81,45),CHAR(45,120,53,45,81,45),CHAR(45,120,54,45,81,45),CHAR(45,120,55,45,81,"
2016-08-29 15:37:23,127 [uWSGIWorker1Core1:140019582977792] [blog.views:69] [views:article] [ERROR]- invalid literal for int() with base 10: "21111111111111' UNION SELECT CHAR(45,120,49,45,81,45),CHAR(45,120,50,45,81,45),CHAR(45,120,51,45,81,45),CHAR(45,120,52,45,81,45),CHAR(45,120,53,45,81,45),CHAR(45,120,54,45,81,45),CHAR(45,120,55,45,81,"
2016-08-29 15:37:23,531 [uWSGIWorker3Core0:140019825522624] [blog.views:69] [views:article] [ERROR]- invalid literal for int() with base 10: "21111111111111' UNION SELECT CHAR(45,120,49,45,81,45),CHAR(45,120,50,45,81,45),CHAR(45,120,51,45,81,45),CHAR(45,120,52,45,81,45),CHAR(45,120,53,45,81,45),CHAR(45,120,54,45,81,45),CHAR(45,120,55,45,81,"
2016-08-29 15:37:23,936 [uWSGIWorker1Core0:140019825522624] [blog.views:69] [views:article] [ERROR]- invalid literal for int() with base 10: "21111111111111' UNION SELECT CHAR(45,120,49,45,81,45),CHAR(45,120,50,45,81,45),CHAR(45,120,51,45,81,45),CHAR(45,120,52,45,81,45),CHAR(45,120,53,45,81,45),CHAR(45,120,54,45,81,45),CHAR(45,120,55,45,81,"
2016-08-29 15:37:24,343 [uWSGIWorker3Core1:140019582977792] [blog.views:69] [views:article] [ERROR]- invalid literal for int() with base 10: "21111111111111' UNION SELECT CHAR(45,120,49,45,81,45),CHAR(45,120,50,45,81,45),CHAR(45,120,51,45,81,45),CHAR(45,120,52,45,81,45),CHAR(45,120,53,45,81,45),CHAR(45,120,54,45,81,45),CHAR(45,120,55,45,81,"
2016-08-29 15:37:24,748 [uWSGIWorker1Core1:140019582977792] [blog.views:69] [views:article] [ERROR]- invalid literal for int() with base 10: "21111111111111' UNION SELECT CHAR(45,120,49,45,81,45),CHAR(45,120,50,45,81,45),CHAR(45,120,51,45,81,45),CHAR(45,120,52,45,81,45),CHAR(45,120,53,45,81,45),CHAR(45,120,54,45,81,45),CHAR(45,120,55,45,81,"
2016-08-29 15:37:25,154 [uWSGIWorker3Core0:140019825522624] [blog.views:69] [views:article] [ERROR]- invalid literal for int() with base 10: "21111111111111' UNION SELECT CHAR(45,120,49,45,81,45),CHAR(45,120,50,45,81,45),CHAR(45,120,51,45,81,45),CHAR(45,120,52,45,81,45),CHAR(45,120,53,45,81,45),CHAR(45,120,54,45,81,45),CHAR(45,120,55,45,81,"
2016-08-29 15:37:25,558 [uWSGIWorker1Core0:140019825522624] [blog.views:69] [views:article] [ERROR]- invalid literal for int() with base 10: "21111111111111' UNION SELECT CHAR(45,120,49,45,81,45),CHAR(45,120,50,45,81,45),CHAR(45,120,51,45,81,45),CHAR(45,120,52,45,81,45),CHAR(45,120,53,45,81,45),CHAR(45,120,54,45,81,45),CHAR(45,120,55,45,81,"
2016-08-29 15:37:25,965 [uWSGIWorker3Core1:140019582977792] [blog.views:69] [views:article] [ERROR]- invalid literal for int() with base 10: "21111111111111' UNION SELECT CHAR(45,120,49,45,81,45),CHAR(45,120,50,45,81,45),CHAR(45,120,51,45,81,45),CHAR(45,120,52,45,81,45),CHAR(45,120,53,45,81,45),CHAR(45,120,54,45,81,45),CHAR(45,120,55,45,81,"
2016-08-29 15:37:26,370 [uWSGIWorker1Core1:140019582977792] [blog.views:69] [views:article] [ERROR]- invalid literal for int() with base 10: "21111111111111' UNION SELECT CHAR(45,120,49,45,81,45),CHAR(45,120,50,45,81,45),CHAR(45,120,51,45,81,45),CHAR(45,120,52,45,81,45),CHAR(45,120,53,45,81,45),CHAR(45,120,54,45,81,45),CHAR(45,120,55,45,81,"
2016-08-29 15:37:26,776 [uWSGIWorker3Core0:140019825522624] [blog.views:69] [views:article] [ERROR]- invalid literal for int() with base 10: "21111111111111' UNION SELECT CHAR(45,120,49,45,81,45),CHAR(45,120,50,45,81,45),CHAR(45,120,51,45,81,45),CHAR(45,120,52,45,81,45),CHAR(45,120,53,45,81,45),CHAR(45,120,54,45,81,45),CHAR(45,120,55,45,81,"
2016-08-29 15:37:27,182 [uWSGIWorker1Core0:140019825522624] [blog.views:69] [views:article] [ERROR]- invalid literal for int() with base 10: "21111111111111' UNION SELECT CHAR(45,120,49,45,81,45),CHAR(45,120,50,45,81,45),CHAR(45,120,51,45,81,45),CHAR(45,120,52,45,81,45),CHAR(45,120,53,45,81,45),CHAR(45,120,54,45,81,45),CHAR(45,120,55,45,81,"
2016-08-29 15:37:27,593 [uWSGIWorker3Core1:140019582977792] [blog.views:69] [views:article] [ERROR]- invalid literal for int() with base 10: '21111111111111" UNION SELECT CHAR(45,120,49,45,81,45) -- /* order by "as /*'
2016-08-29 15:37:28,000 [uWSGIWorker1Core1:140019582977792] [blog.views:69] [views:article] [ERROR]- invalid literal for int() with base 10: '21111111111111" UNION SELECT CHAR(45,120,49,45,81,45),CHAR(45,120,50,45,81,45) -- /* order by "as /*'
2016-08-29 15:37:28,407 [uWSGIWorker3Core0:140019825522624] [blog.views:69] [views:article] [ERROR]- invalid literal for int() with base 10: '21111111111111" UNION SELECT CHAR(45,120,49,45,81,45),CHAR(45,120,50,45,81,45),CHAR(45,120,51,45,81,45) -- /* order by "as /*'
2016-08-29 15:37:28,815 [uWSGIWorker1Core0:140019825522624] [blog.views:69] [views:article] [ERROR]- invalid literal for int() with base 10: '21111111111111" UNION SELECT CHAR(45,120,49,45,81,45),CHAR(45,120,50,45,81,45),CHAR(45,120,51,45,81,45),CHAR(45,120,52,45,81,45) -- /* order by "as /*'
2016-08-29 15:37:29,221 [uWSGIWorker3Core1:140019582977792] [blog.views:69] [views:article] [ERROR]- invalid literal for int() with base 10: '21111111111111" UNION SELECT CHAR(45,120,49,45,81,45),CHAR(45,120,50,45,81,45),CHAR(45,120,51,45,81,45),CHAR(45,120,52,45,81,45),CHAR(45,120,53,45,81,45) -- /* order by "as /*'
2016-08-29 15:37:29,632 [uWSGIWorker1Core1:140019582977792] [blog.views:69] [views:article] [ERROR]- invalid literal for int() with base 10: '21111111111111" UNION SELECT CHAR(45,120,49,45,81,45),CHAR(45,120,50,45,81,45),CHAR(45,120,51,45,81,45),CHAR(45,120,52,45,81,45),CHAR(45,120,53,45,81,45),CHAR(45,120,54,45,81,45) -- /* order by "as /*'
2016-08-29 15:37:30,042 [uWSGIWorker3Core0:140019825522624] [blog.views:69] [views:article] [ERROR]- invalid literal for int() with base 10: '21111111111111" UNION SELECT CHAR(45,120,49,45,81,45),CHAR(45,120,50,45,81,45),CHAR(45,120,51,45,81,45),CHAR(45,120,52,45,81,45),CHAR(45,120,53,45,81,45),CHAR(45,120,54,45,81,45),CHAR(45,120,55,45,81,'
2016-08-29 15:37:30,455 [uWSGIWorker1Core0:140019825522624] [blog.views:69] [views:article] [ERROR]- invalid literal for int() with base 10: '21111111111111" UNION SELECT CHAR(45,120,49,45,81,45),CHAR(45,120,50,45,81,45),CHAR(45,120,51,45,81,45),CHAR(45,120,52,45,81,45),CHAR(45,120,53,45,81,45),CHAR(45,120,54,45,81,45),CHAR(45,120,55,45,81,'
2016-08-29 15:37:30,866 [uWSGIWorker3Core1:140019582977792] [blog.views:69] [views:article] [ERROR]- invalid literal for int() with base 10: '21111111111111" UNION SELECT CHAR(45,120,49,45,81,45),CHAR(45,120,50,45,81,45),CHAR(45,120,51,45,81,45),CHAR(45,120,52,45,81,45),CHAR(45,120,53,45,81,45),CHAR(45,120,54,45,81,45),CHAR(45,120,55,45,81,'
2016-08-29 15:37:31,662 [uWSGIWorker1Core1:140019582977792] [blog.views:69] [views:article] [ERROR]- invalid literal for int() with base 10: '21111111111111" UNION SELECT CHAR(45,120,49,45,81,45),CHAR(45,120,50,45,81,45),CHAR(45,120,51,45,81,45),CHAR(45,120,52,45,81,45),CHAR(45,120,53,45,81,45),CHAR(45,120,54,45,81,45),CHAR(45,120,55,45,81,'
2016-08-29 15:37:32,084 [uWSGIWorker3Core0:140019825522624] [blog.views:69] [views:article] [ERROR]- invalid literal for int() with base 10: '21111111111111" UNION SELECT CHAR(45,120,49,45,81,45),CHAR(45,120,50,45,81,45),CHAR(45,120,51,45,81,45),CHAR(45,120,52,45,81,45),CHAR(45,120,53,45,81,45),CHAR(45,120,54,45,81,45),CHAR(45,120,55,45,81,'
2016-08-29 15:37:32,496 [uWSGIWorker1Core0:140019825522624] [blog.views:69] [views:article] [ERROR]- invalid literal for int() with base 10: '21111111111111" UNION SELECT CHAR(45,120,49,45,81,45),CHAR(45,120,50,45,81,45),CHAR(45,120,51,45,81,45),CHAR(45,120,52,45,81,45),CHAR(45,120,53,45,81,45),CHAR(45,120,54,45,81,45),CHAR(45,120,55,45,81,'
2016-08-29 15:37:32,907 [uWSGIWorker3Core1:140019582977792] [blog.views:69] [views:article] [ERROR]- invalid literal for int() with base 10: '21111111111111" UNION SELECT CHAR(45,120,49,45,81,45),CHAR(45,120,50,45,81,45),CHAR(45,120,51,45,81,45),CHAR(45,120,52,45,81,45),CHAR(45,120,53,45,81,45),CHAR(45,120,54,45,81,45),CHAR(45,120,55,45,81,'
2016-08-29 15:37:33,319 [uWSGIWorker1Core1:140019582977792] [blog.views:69] [views:article] [ERROR]- invalid literal for int() with base 10: '21111111111111" UNION SELECT CHAR(45,120,49,45,81,45),CHAR(45,120,50,45,81,45),CHAR(45,120,51,45,81,45),CHAR(45,120,52,45,81,45),CHAR(45,120,53,45,81,45),CHAR(45,120,54,45,81,45),CHAR(45,120,55,45,81,'
2016-08-29 15:37:33,741 [uWSGIWorker3Core0:140019825522624] [blog.views:69] [views:article] [ERROR]- invalid literal for int() with base 10: '21111111111111" UNION SELECT CHAR(45,120,49,45,81,45),CHAR(45,120,50,45,81,45),CHAR(45,120,51,45,81,45),CHAR(45,120,52,45,81,45),CHAR(45,120,53,45,81,45),CHAR(45,120,54,45,81,45),CHAR(45,120,55,45,81,'
2016-08-29 15:37:34,152 [uWSGIWorker1Core0:140019825522624] [blog.views:69] [views:article] [ERROR]- invalid literal for int() with base 10: '21111111111111" UNION SELECT CHAR(45,120,49,45,81,45),CHAR(45,120,50,45,81,45),CHAR(45,120,51,45,81,45),CHAR(45,120,52,45,81,45),CHAR(45,120,53,45,81,45),CHAR(45,120,54,45,81,45),CHAR(45,120,55,45,81,'
2016-08-29 15:37:34,574 [uWSGIWorker3Core1:140019582977792] [blog.views:69] [views:article] [ERROR]- invalid literal for int() with base 10: '21111111111111" UNION SELECT CHAR(45,120,49,45,81,45),CHAR(45,120,50,45,81,45),CHAR(45,120,51,45,81,45),CHAR(45,120,52,45,81,45),CHAR(45,120,53,45,81,45),CHAR(45,120,54,45,81,45),CHAR(45,120,55,45,81,'
2016-08-29 15:37:34,987 [uWSGIWorker1Core1:140019582977792] [blog.views:69] [views:article] [ERROR]- invalid literal for int() with base 10: '21111111111111" UNION SELECT CHAR(45,120,49,45,81,45),CHAR(45,120,50,45,81,45),CHAR(45,120,51,45,81,45),CHAR(45,120,52,45,81,45),CHAR(45,120,53,45,81,45),CHAR(45,120,54,45,81,45),CHAR(45,120,55,45,81,'
2016-08-29 15:37:35,402 [uWSGIWorker3Core0:140019825522624] [blog.views:69] [views:article] [ERROR]- invalid literal for int() with base 10: '21111111111111" UNION SELECT CHAR(45,120,49,45,81,45),CHAR(45,120,50,45,81,45),CHAR(45,120,51,45,81,45),CHAR(45,120,52,45,81,45),CHAR(45,120,53,45,81,45),CHAR(45,120,54,45,81,45),CHAR(45,120,55,45,81,'
2016-08-29 15:37:35,814 [uWSGIWorker1Core0:140019825522624] [blog.views:69] [views:article] [ERROR]- invalid literal for int() with base 10: '21111111111111" UNION SELECT CHAR(45,120,49,45,81,45),CHAR(45,120,50,45,81,45),CHAR(45,120,51,45,81,45),CHAR(45,120,52,45,81,45),CHAR(45,120,53,45,81,45),CHAR(45,120,54,45,81,45),CHAR(45,120,55,45,81,'
2016-08-29 15:37:36,511 [uWSGIWorker3Core1:140019582977792] [blog.views:69] [views:article] [ERROR]- invalid literal for int() with base 10: '21111111111111" UNION SELECT CHAR(45,120,49,45,81,45),CHAR(45,120,50,45,81,45),CHAR(45,120,51,45,81,45),CHAR(45,120,52,45,81,45),CHAR(45,120,53,45,81,45),CHAR(45,120,54,45,81,45),CHAR(45,120,55,45,81,'
2016-08-29 15:37:36,927 [uWSGIWorker1Core1:140019582977792] [blog.views:69] [views:article] [ERROR]- invalid literal for int() with base 10: '21111111111111" UNION SELECT CHAR(45,120,49,45,81,45),CHAR(45,120,50,45,81,45),CHAR(45,120,51,45,81,45),CHAR(45,120,52,45,81,45),CHAR(45,120,53,45,81,45),CHAR(45,120,54,45,81,45),CHAR(45,120,55,45,81,'
2016-08-29 15:37:37,339 [uWSGIWorker3Core0:140019825522624] [blog.views:69] [views:article] [ERROR]- invalid literal for int() with base 10: '21111111111111" UNION SELECT CHAR(45,120,49,45,81,45),CHAR(45,120,50,45,81,45),CHAR(45,120,51,45,81,45),CHAR(45,120,52,45,81,45),CHAR(45,120,53,45,81,45),CHAR(45,120,54,45,81,45),CHAR(45,120,55,45,81,'
2016-08-29 15:37:37,754 [uWSGIWorker3Core1:140019582977792] [blog.views:69] [views:article] [ERROR]- invalid literal for int() with base 10: '21111111111111" UNION SELECT CHAR(45,120,49,45,81,45),CHAR(45,120,50,45,81,45),CHAR(45,120,51,45,81,45),CHAR(45,120,52,45,81,45),CHAR(45,120,53,45,81,45),CHAR(45,120,54,45,81,45),CHAR(45,120,55,45,81,'
2016-08-29 15:37:38,176 [uWSGIWorker1Core0:140019825522624] [blog.views:69] [views:article] [ERROR]- invalid literal for int() with base 10: '21111111111111" UNION SELECT CHAR(45,120,49,45,81,45),CHAR(45,120,50,45,81,45),CHAR(45,120,51,45,81,45),CHAR(45,120,52,45,81,45),CHAR(45,120,53,45,81,45),CHAR(45,120,54,45,81,45),CHAR(45,120,55,45,81,'
2016-08-29 15:37:39,012 [uWSGIWorker1Core1:140019582977792] [blog.views:69] [views:article] [ERROR]- invalid literal for int() with base 10: '2 AnD SLeeP(3)'
2016-08-29 15:37:39,421 [uWSGIWorker3Core1:140019582977792] [blog.views:69] [views:article] [ERROR]- invalid literal for int() with base 10: '2&&SlEEp(3)'
2016-08-29 15:37:39,838 [uWSGIWorker1Core0:140019825522624] [blog.views:69] [views:article] [ERROR]- invalid literal for int() with base 10: "2' AnD sLeep(3) ANd '1"
2016-08-29 15:37:40,248 [uWSGIWorker3Core0:140019825522624] [blog.views:69] [views:article] [ERROR]- invalid literal for int() with base 10: "2'&&sLEEp(3)&&'1"
2016-08-29 15:37:40,678 [uWSGIWorker1Core1:140019582977792] [blog.views:69] [views:article] [ERROR]- 'decimal' codec can't encode character u'\x00' in position 1: invalid decimal Unicode string
2016-08-29 15:37:41,094 [uWSGIWorker3Core1:140019582977792] [blog.views:69] [views:article] [ERROR]- invalid literal for int() with base 10: '2 AnD BeNChMaRK(2999999,MD5(NOW()))'
2016-08-29 15:37:41,504 [uWSGIWorker3Core0:140019825522624] [blog.views:69] [views:article] [ERROR]- invalid literal for int() with base 10: '2&&BeNChMaRK(2999999,MD5(NOW()))'
2016-08-29 15:37:41,916 [uWSGIWorker1Core0:140019825522624] [blog.views:69] [views:article] [ERROR]- invalid literal for int() with base 10: "2' aND BeNChMaRK(2999999,Md5(NoW())) AnD '1"
2016-08-29 15:37:42,326 [uWSGIWorker3Core1:140019582977792] [blog.views:69] [views:article] [ERROR]- invalid literal for int() with base 10: "2'&&BeNChMaRK(2999999,mD5(NOW()))&&'1"
2016-08-29 15:37:42,747 [uWSGIWorker1Core1:140019582977792] [blog.views:69] [views:article] [ERROR]- invalid literal for int() with base 10: '2 or (1,2)=(select*from(select name_const(CHAR(111,108,111,108,111,115,104,101,114),1),name_const(CHAR(111,108,111,108,111,115,104,101,114),1))a) -- and 1=1'
2016-08-29 15:37:43,158 [uWSGIWorker3Core0:140019825522624] [blog.views:69] [views:article] [ERROR]- invalid literal for int() with base 10: "2' or (1,2)=(select*from(select name_const(CHAR(111,108,111,108,111,115,104,101,114),1),name_const(CHAR(111,108,111,108,111,115,104,101,114),1))a) -- 'x'='x"
2016-08-29 15:37:43,570 [uWSGIWorker3Core1:140019582977792] [blog.views:69] [views:article] [ERROR]- invalid literal for int() with base 10: '2" or (1,2)=(select*from(select name_const(CHAR(111,108,111,108,111,115,104,101,114),1),name_const(CHAR(111,108,111,108,111,115,104,101,114),1))a) -- "x"="x'
2016-08-29 15:37:43,983 [uWSGIWorker1Core0:140019825522624] [blog.views:69] [views:article] [ERROR]- invalid literal for int() with base 10: '2999999.1 union select unhex(hex(version())) -- and 1=1'
2016-08-29 15:37:44,393 [uWSGIWorker3Core0:140019825522624] [blog.views:69] [views:article] [ERROR]- invalid literal for int() with base 10: "299999' union select unhex(hex(version())) -- 'x'='x"
2016-08-29 15:37:44,804 [uWSGIWorker1Core1:140019582977792] [blog.views:69] [views:article] [ERROR]- invalid literal for int() with base 10: '299999" union select unhex(hex(version())) -- "x"="x'
2016-08-31 19:03:17,951 [uWSGIWorker3Core0:140019825522624] [blog.views:69] [views:article] [ERROR]- invalid literal for int() with base 10: "55'A=0"
2016-09-04 00:59:48,589 [uWSGIWorker3Core0:140019825522624] [blog.views:69] [views:article] [ERROR]- invalid literal for int() with base 10: "55'A=0"
2016-09-08 04:12:14,499 [uWSGIWorker3Core0:140019825522624] [blog.views:69] [views:article] [ERROR]- invalid literal for int() with base 10: "55'A=0"
2016-09-09 20:38:11,387 [uWSGIWorker3Core1:140019582977792] [blog.views:69] [views:article] [ERROR]- failure.html
2016-09-12 05:11:11,850 [uWSGIWorker3Core0:140019825522624] [blog.views:69] [views:article] [ERROR]- failure.html
2016-09-12 21:35:06,620 [uWSGIWorker3Core1:140019582977792] [blog.views:69] [views:article] [ERROR]- invalid literal for int() with base 10: "55'A=0"
2016-09-14 08:11:49,472 [uWSGIWorker3Core1:140019582977792] [blog.views:69] [views:article] [ERROR]- failure.html
2016-09-15 08:30:36,648 [uWSGIWorker3Core0:140019825522624] [blog.views:69] [views:article] [ERROR]- failure.html
2016-09-19 19:23:39,478 [uWSGIWorker3Core1:140019582977792] [blog.views:69] [views:article] [ERROR]- failure.html
2016-09-20 11:17:05,797 [uWSGIWorker2Core1:140019582977792] [blog.views:69] [views:article] [ERROR]- failure.html
2016-10-16 09:15:12,932 [uWSGIWorker3Core1:140019582977792] [blog.views:69] [views:article] [ERROR]- failure.html
2016-10-18 03:28:16,766 [uWSGIWorker3Core1:140019582977792] [blog.views:69] [views:article] [ERROR]- failure.html
2016-11-02 20:20:00,820 [uWSGIWorker3Core0:140019825522624] [blog.views:69] [views:article] [ERROR]- failure.html
2016-11-03 21:09:51,687 [uWSGIWorker3Core0:140019825522624] [blog.views:69] [views:article] [ERROR]- failure.html
2016-11-24 10:39:56,101 [uWSGIWorker3Core1:140019582977792] [blog.views:69] [views:article] [ERROR]- failure.html
2016-11-25 04:39:35,203 [uWSGIWorker3Core0:140019825522624] [blog.views:69] [views:article] [ERROR]- failure.html
2016-11-29 11:49:54,457 [uWSGIWorker3Core1:140019582977792] [blog.views:69] [views:article] [ERROR]- failure.html
2016-11-30 15:02:19,648 [uWSGIWorker3Core0:140019825522624] [blog.views:69] [views:article] [ERROR]- failure.html
2016-12-02 15:11:20,424 [uWSGIWorker3Core0:140019825522624] [blog.views:69] [views:article] [ERROR]- failure.html
2016-12-02 16:59:33,427 [uWSGIWorker3Core0:140019825522624] [blog.views:69] [views:article] [ERROR]- failure.html
2016-12-04 08:39:16,558 [uWSGIWorker3Core1:140019582977792] [blog.views:69] [views:article] [ERROR]- failure.html
2016-12-06 13:10:00,509 [uWSGIWorker3Core0:140019825522624] [blog.views:69] [views:article] [ERROR]- failure.html
2016-12-07 13:31:34,960 [uWSGIWorker3Core1:140019582977792] [blog.views:69] [views:article] [ERROR]- failure.html
2016-12-07 17:40:05,999 [uWSGIWorker3Core0:140019825522624] [blog.views:69] [views:article] [ERROR]- failure.html
2016-12-09 12:09:21,580 [uWSGIWorker1Core1:140019582977792] [blog.views:69] [views:article] [ERROR]- failure.html
2017-01-04 22:52:14,581 [uWSGIWorker2Core0:140019825522624] [blog.views:69] [views:article] [ERROR]- failure.html
2017-01-05 10:42:30,745 [uWSGIWorker3Core1:140019582977792] [blog.views:69] [views:article] [ERROR]- failure.html
2017-01-05 10:42:35,300 [uWSGIWorker1Core0:140019825522624] [blog.views:69] [views:article] [ERROR]- failure.html
2017-01-06 11:05:19,105 [uWSGIWorker2Core0:140019825522624] [blog.views:69] [views:article] [ERROR]- failure.html
2017-01-08 09:55:06,980 [uWSGIWorker1Core0:140019825522624] [blog.views:69] [views:article] [ERROR]- failure.html
2017-01-08 09:55:10,266 [uWSGIWorker3Core1:140019582977792] [blog.views:69] [views:article] [ERROR]- failure.html
2017-01-11 02:45:08,261 [uWSGIWorker2Core0:140019825522624] [blog.views:69] [views:article] [ERROR]- failure.html
2017-01-11 02:45:12,661 [uWSGIWorker3Core0:140019825522624] [blog.views:69] [views:article] [ERROR]- failure.html
2017-01-29 14:15:44,934 [uWSGIWorker3Core0:140019825522624] [blog.views:69] [views:article] [ERROR]- failure.html
2017-01-29 23:52:32,960 [uWSGIWorker3Core0:140019825522624] [blog.views:69] [views:article] [ERROR]- failure.html
